#
# There is insufficient memory for the Java Runtime Environment to continue.
# Native memory allocation (malloc) failed to allocate 1048576 bytes for AllocateHeap
# Possible reasons:
#   The system is out of physical RAM or swap space
#   The process is running with CompressedOops enabled, and the Java Heap may be blocking the growth of the native heap
# Possible solutions:
#   Reduce memory load on the system
#   Increase physical memory or swap space
#   Check if swap backing store is full
#   Decrease Java heap size (-Xmx/-Xms)
#   Decrease number of Java threads
#   Decrease Java thread stack sizes (-Xss)
#   Set larger code cache with -XX:ReservedCodeCacheSize=
#   JVM is running with Unscaled Compressed Oops mode in which the Java heap is
#     placed in the first 4GB address space. The Java Heap base address is the
#     maximum limit for the native heap growth. Please use -XX:HeapBaseMinAddress
#     to set the Java Heap base and to place the Java Heap above 4GB virtual address.
# This output file may be truncated or incomplete.
#
#  Out of Memory Error (allocation.cpp:44), pid=7996, tid=11564
#
# JRE version: OpenJDK Runtime Environment Temurin-17.0.9+9 (17.0.9+9) (build 17.0.9+9)
# Java VM: OpenJDK 64-Bit Server VM Temurin-17.0.9+9 (17.0.9+9, mixed mode, emulated-client, tiered, compressed oops, compressed class ptrs, g1 gc, windows-amd64)
# No core dump will be written. Minidumps are not enabled by default on client versions of Windows
#

---------------  S U M M A R Y ------------

Command Line: -XX:+HeapDumpOnOutOfMemoryError -Xmx1024m -Dsts.lsp.client=vscode -Dsts.log.file=/dev/null -XX:TieredStopAtLevel=1 -Xlog:jni+resolve=off -Dspring.config.location=file:c:\Users\willi\.vscode\extensions\vmware.vscode-spring-boot-1.51.0\language-server\BOOT-INF\classes\application.properties org.springframework.ide.vscode.boot.app.BootLanguageServerBootApp

Host: Intel(R) Core(TM) i7-8565U CPU @ 1.80GHz, 8 cores, 7G,  Windows 11 , 64 bit Build 22621 (10.0.22621.2506)
Time: Thu Feb  1 14:11:55 2024 Hora oficial do Brasil elapsed time: 10711.950321 seconds (0d 2h 58m 31s)

---------------  T H R E A D  ---------------

Current thread (0x000001fb5aab0ac0):  VMThread "VM Thread" [stack: 0x000000dc27d00000,0x000000dc27e00000] [id=11564]

Stack: [0x000000dc27d00000,0x000000dc27e00000]
Native frames: (J=compiled Java code, j=interpreted, Vv=VM code, C=native code)
V  [jvm.dll+0x67cf49]
V  [jvm.dll+0x83478a]
V  [jvm.dll+0x83624e]
V  [jvm.dll+0x8368b3]
V  [jvm.dll+0x247f1f]
V  [jvm.dll+0xa6b4b]
V  [jvm.dll+0x2f8e73]
V  [jvm.dll+0x2f4af0]
V  [jvm.dll+0x2dd0d7]
V  [jvm.dll+0x320357]
V  [jvm.dll+0x83adab]
V  [jvm.dll+0x83baf1]
V  [jvm.dll+0x83c00d]
V  [jvm.dll+0x83c3e4]
V  [jvm.dll+0x83c4b0]
V  [jvm.dll+0x7e3c3a]
V  [jvm.dll+0x67be35]
C  [ucrtbase.dll+0x29363]
C  [KERNEL32.DLL+0x1257d]
C  [ntdll.dll+0x5aa58]

VM_Operation (0x000000dc291feb20): G1CollectFull, mode: safepoint, requested by thread 0x000001fb60764ca0


---------------  P R O C E S S  ---------------

Threads class SMR info:
_java_thread_list=0x000001fb6090c960, length=27, elements={
0x000001fb5aafe380, 0x000001fb5aaff110, 0x000001fb5ab254f0, 0x000001fb5f008470,
0x000001fb5f008d40, 0x000001fb5f009610, 0x000001fb5f009ee0, 0x000001fb5f00efb0,
0x000001fb5f20cb90, 0x000001fb5f21d980, 0x000001fb5f903bb0, 0x000001fb60764ca0,
0x000001fb5f9d5850, 0x000001fb4fd17290, 0x000001fb604bc070, 0x000001fb607f5e40,
0x000001fb60819c40, 0x000001fb60818d10, 0x000001fb608169a0, 0x000001fb60819220,
0x000001fb60816eb0, 0x000001fb608178d0, 0x000001fb608173c0, 0x000001fb60816490,
0x000001fb60817de0, 0x000001fb60818800, 0x000001fb60b2ce30
}

Java Threads: ( => current thread )
  0x000001fb5aafe380 JavaThread "Reference Handler" daemon [_thread_blocked, id=10956, stack(0x000000dc27e00000,0x000000dc27f00000)]
  0x000001fb5aaff110 JavaThread "Finalizer" daemon [_thread_blocked, id=9104, stack(0x000000dc27f00000,0x000000dc28000000)]
  0x000001fb5ab254f0 JavaThread "Signal Dispatcher" daemon [_thread_blocked, id=20512, stack(0x000000dc28000000,0x000000dc28100000)]
  0x000001fb5f008470 JavaThread "Attach Listener" daemon [_thread_blocked, id=1816, stack(0x000000dc28100000,0x000000dc28200000)]
  0x000001fb5f008d40 JavaThread "Service Thread" daemon [_thread_blocked, id=6992, stack(0x000000dc28200000,0x000000dc28300000)]
  0x000001fb5f009610 JavaThread "Monitor Deflation Thread" daemon [_thread_blocked, id=7684, stack(0x000000dc28300000,0x000000dc28400000)]
  0x000001fb5f009ee0 JavaThread "C1 CompilerThread0" daemon [_thread_blocked, id=17972, stack(0x000000dc28400000,0x000000dc28500000)]
  0x000001fb5f00efb0 JavaThread "Sweeper thread" daemon [_thread_blocked, id=21340, stack(0x000000dc28500000,0x000000dc28600000)]
  0x000001fb5f20cb90 JavaThread "Notification Thread" daemon [_thread_blocked, id=21496, stack(0x000000dc28700000,0x000000dc28800000)]
  0x000001fb5f21d980 JavaThread "Common-Cleaner" daemon [_thread_blocked, id=18036, stack(0x000000dc28900000,0x000000dc28a00000)]
  0x000001fb5f903bb0 JavaThread "boundedElastic-evictor-1" daemon [_thread_blocked, id=19296, stack(0x000000dc28f00000,0x000000dc29000000)]
  0x000001fb60764ca0 JavaThread "pool-12-thread-1" [_thread_blocked, id=12080, stack(0x000000dc29100000,0x000000dc29200000)]
  0x000001fb5f9d5850 JavaThread "LanguageServerApp-lifecycle" [_thread_blocked, id=11076, stack(0x000000dc29500000,0x000000dc29600000)]
  0x000001fb4fd17290 JavaThread "DestroyJavaVM" [_thread_blocked, id=6748, stack(0x000000dc27600000,0x000000dc27700000)]
  0x000001fb604bc070 JavaThread "pool-13-thread-1" [_thread_in_native, id=4824, stack(0x000000dc29600000,0x000000dc29700000)]
  0x000001fb607f5e40 JavaThread "Simple-Language-Server main thread" daemon [_thread_blocked, id=8676, stack(0x000000dc29700000,0x000000dc29800000)]
  0x000001fb60819c40 JavaThread "parallel-1" daemon [_thread_blocked, id=15888, stack(0x000000dc29b00000,0x000000dc29c00000)]
  0x000001fb60818d10 JavaThread "parallel-2" daemon [_thread_blocked, id=19496, stack(0x000000dc29c00000,0x000000dc29d00000)]
  0x000001fb608169a0 JavaThread "pool-6-thread-1" [_thread_blocked, id=2980, stack(0x000000dc29d00000,0x000000dc29e00000)]
  0x000001fb60819220 JavaThread "parallel-3" daemon [_thread_blocked, id=3980, stack(0x000000dc29e00000,0x000000dc29f00000)]
  0x000001fb60816eb0 JavaThread "parallel-4" daemon [_thread_blocked, id=8288, stack(0x000000dc29f00000,0x000000dc2a000000)]
  0x000001fb608178d0 JavaThread "parallel-5" daemon [_thread_blocked, id=820, stack(0x000000dc2a000000,0x000000dc2a100000)]
  0x000001fb608173c0 JavaThread "parallel-6" daemon [_thread_blocked, id=6820, stack(0x000000dc2a100000,0x000000dc2a200000)]
  0x000001fb60816490 JavaThread "parallel-7" daemon [_thread_blocked, id=13176, stack(0x000000dc2a200000,0x000000dc2a300000)]
  0x000001fb60817de0 JavaThread "parallel-8" daemon [_thread_blocked, id=4996, stack(0x000000dc2a300000,0x000000dc2a400000)]
  0x000001fb60818800 JavaThread "Reconciler-1" daemon [_thread_blocked, id=2460, stack(0x000000dc2a600000,0x000000dc2a700000)]
  0x000001fb60b2ce30 JavaThread "pool-8-thread-1" [_thread_blocked, id=9788, stack(0x000000dc2b100000,0x000000dc2b200000)]

Other Threads:
=>0x000001fb5aab0ac0 VMThread "VM Thread" [stack: 0x000000dc27d00000,0x000000dc27e00000] [id=11564]
  0x000001fb5f2118a0 WatcherThread [stack: 0x000000dc28800000,0x000000dc28900000] [id=16316]
  0x000001fb4fd569f0 GCTaskThread "GC Thread#0" [stack: 0x000000dc27800000,0x000000dc27900000] [id=19612]
  0x000001fb5fcd6f30 GCTaskThread "GC Thread#1" [stack: 0x000000dc28a00000,0x000000dc28b00000] [id=2364]
  0x000001fb5fc90570 GCTaskThread "GC Thread#2" [stack: 0x000000dc28b00000,0x000000dc28c00000] [id=21284]
  0x000001fb5fceeb50 GCTaskThread "GC Thread#3" [stack: 0x000000dc28c00000,0x000000dc28d00000] [id=10684]
  0x000001fb5fedb0f0 GCTaskThread "GC Thread#4" [stack: 0x000000dc28d00000,0x000000dc28e00000] [id=16620]
  0x000001fb5ff1c200 GCTaskThread "GC Thread#5" [stack: 0x000000dc28e00000,0x000000dc28f00000] [id=18300]
  0x000001fb60189ea0 GCTaskThread "GC Thread#6" [stack: 0x000000dc29200000,0x000000dc29300000] [id=9412]
  0x000001fb60008050 GCTaskThread "GC Thread#7" [stack: 0x000000dc29300000,0x000000dc29400000] [id=560]
  0x000001fb4fd5f850 ConcurrentGCThread "G1 Main Marker" [stack: 0x000000dc27900000,0x000000dc27a00000] [id=1420]
  0x000001fb4fd60180 ConcurrentGCThread "G1 Conc#0" [stack: 0x000000dc27a00000,0x000000dc27b00000] [id=7856]
  0x000001fb6011cf40 ConcurrentGCThread "G1 Conc#1" [stack: 0x000000dc29400000,0x000000dc29500000] [id=21196]
  0x000001fb5a9584e0 ConcurrentGCThread "G1 Refine#0" [stack: 0x000000dc27b00000,0x000000dc27c00000] [id=12600]
  0x000001fb5a958d20 ConcurrentGCThread "G1 Service" [stack: 0x000000dc27c00000,0x000000dc27d00000] [id=19264]

Threads with active compile tasks:

VM state: at safepoint (normal execution)

VM Mutex/Monitor currently owned by a thread:  ([mutex/lock_event])
[0x000001fb4da5ee10] Threads_lock - owner thread: 0x000001fb5aab0ac0
[0x000001fb4fd13b80] Heap_lock - owner thread: 0x000001fb60764ca0

Heap address: 0x00000000c0000000, size: 1024 MB, Compressed Oops mode: 32-bit

CDS archive(s) not mapped
Compressed class space mapped at: 0x0000000100000000-0x0000000140000000, reserved size: 1073741824
Narrow klass base: 0x0000000000000000, Narrow klass shift: 3, Narrow klass range: 0x140000000

GC Precious Log:
 CPUs: 8 total, 8 available
 Memory: 8053M
 Large Page Support: Disabled
 NUMA Support: Disabled
 Compressed Oops: Enabled (32-bit)
 Heap Region Size: 1M
 Heap Min Capacity: 8M
 Heap Initial Capacity: 126M
 Heap Max Capacity: 1G
 Pre-touch: Disabled
 Parallel Workers: 8
 Concurrent Workers: 2
 Concurrent Refinement Workers: 8
 Periodic GC: Disabled

Heap:
 garbage-first heap   total 102400K, used 35576K [0x00000000c0000000, 0x0000000100000000)
  region size 1024K, 1 young (1024K), 0 survivors (0K)
 Metaspace       used 59923K, committed 60416K, reserved 1114112K
  class space    used 7495K, committed 7680K, reserved 1048576K

Heap Regions: E=young(eden), S=young(survivor), O=old, HS=humongous(starts), HC=humongous(continues), CS=collection set, F=free, OA=open archive, CA=closed archive, TAMS=top-at-mark-start (previous, next)
|   0|0x00000000c0000000, 0x00000000c0100000, 0x00000000c0100000|100%|HS|  |TAMS 0x00000000c0100000, 0x00000000c0000000| Untracked 
|   1|0x00000000c0100000, 0x00000000c0200000, 0x00000000c0200000|100%|HC|  |TAMS 0x00000000c0200000, 0x00000000c0100000| Untracked 
|   2|0x00000000c0200000, 0x00000000c0300000, 0x00000000c0300000|100%|HC|  |TAMS 0x00000000c0300000, 0x00000000c0200000| Untracked 
|   3|0x00000000c0300000, 0x00000000c0400000, 0x00000000c0400000|100%|HC|  |TAMS 0x00000000c0400000, 0x00000000c0300000| Untracked 
|   4|0x00000000c0400000, 0x00000000c04fffc8, 0x00000000c0500000| 99%| O|  |TAMS 0x00000000c04fffc8, 0x00000000c0400000| Untracked 
|   5|0x00000000c0500000, 0x00000000c0600000, 0x00000000c0600000|100%| O|  |TAMS 0x00000000c0600000, 0x00000000c0500000| Untracked 
|   6|0x00000000c0600000, 0x00000000c06ffff0, 0x00000000c0700000| 99%| O|  |TAMS 0x00000000c06ffff0, 0x00000000c0600000| Untracked 
|   7|0x00000000c0700000, 0x00000000c0800000, 0x00000000c0800000|100%| O|  |TAMS 0x00000000c0800000, 0x00000000c0700000| Untracked 
|   8|0x00000000c0800000, 0x00000000c0900000, 0x00000000c0900000|100%| O|  |TAMS 0x00000000c0900000, 0x00000000c0800000| Untracked 
|   9|0x00000000c0900000, 0x00000000c0a00000, 0x00000000c0a00000|100%| O|  |TAMS 0x00000000c0a00000, 0x00000000c0900000| Untracked 
|  10|0x00000000c0a00000, 0x00000000c0b00000, 0x00000000c0b00000|100%| O|  |TAMS 0x00000000c0b00000, 0x00000000c0a00000| Untracked 
|  11|0x00000000c0b00000, 0x00000000c0c00000, 0x00000000c0c00000|100%| O|  |TAMS 0x00000000c0c00000, 0x00000000c0b00000| Untracked 
|  12|0x00000000c0c00000, 0x00000000c0d00000, 0x00000000c0d00000|100%| O|  |TAMS 0x00000000c0d00000, 0x00000000c0c00000| Untracked 
|  13|0x00000000c0d00000, 0x00000000c0e00000, 0x00000000c0e00000|100%| O|  |TAMS 0x00000000c0e00000, 0x00000000c0d00000| Untracked 
|  14|0x00000000c0e00000, 0x00000000c0efffd0, 0x00000000c0f00000| 99%| O|  |TAMS 0x00000000c0efffd0, 0x00000000c0e00000| Untracked 
|  15|0x00000000c0f00000, 0x00000000c0ffffd8, 0x00000000c1000000| 99%| O|  |TAMS 0x00000000c0ffffd8, 0x00000000c0f00000| Untracked 
|  16|0x00000000c1000000, 0x00000000c10fff90, 0x00000000c1100000| 99%| O|  |TAMS 0x00000000c10fff90, 0x00000000c1000000| Untracked 
|  17|0x00000000c1100000, 0x00000000c11ffff8, 0x00000000c1200000| 99%| O|  |TAMS 0x00000000c11ffff8, 0x00000000c1100000| Untracked 
|  18|0x00000000c1200000, 0x00000000c12ffff0, 0x00000000c1300000| 99%| O|  |TAMS 0x00000000c12ffff0, 0x00000000c1200000| Untracked 
|  19|0x00000000c1300000, 0x00000000c13ffff0, 0x00000000c1400000| 99%| O|  |TAMS 0x00000000c13ffff0, 0x00000000c1300000| Untracked 
|  20|0x00000000c1400000, 0x00000000c14ffff0, 0x00000000c1500000| 99%| O|  |TAMS 0x00000000c14ffff0, 0x00000000c1400000| Untracked 
|  21|0x00000000c1500000, 0x00000000c1600000, 0x00000000c1600000|100%| O|  |TAMS 0x00000000c1600000, 0x00000000c1500000| Untracked 
|  22|0x00000000c1600000, 0x00000000c16ffff8, 0x00000000c1700000| 99%| O|  |TAMS 0x00000000c16ffff8, 0x00000000c1600000| Untracked 
|  23|0x00000000c1700000, 0x00000000c1800000, 0x00000000c1800000|100%| O|  |TAMS 0x00000000c1800000, 0x00000000c1700000| Untracked 
|  24|0x00000000c1800000, 0x00000000c18fffc0, 0x00000000c1900000| 99%| O|  |TAMS 0x00000000c18fffc0, 0x00000000c1800000| Untracked 
|  25|0x00000000c1900000, 0x00000000c19fffd0, 0x00000000c1a00000| 99%| O|  |TAMS 0x00000000c19fffd0, 0x00000000c1900000| Untracked 
|  26|0x00000000c1a00000, 0x00000000c1affff0, 0x00000000c1b00000| 99%| O|  |TAMS 0x00000000c1affff0, 0x00000000c1a00000| Untracked 
|  27|0x00000000c1b00000, 0x00000000c1bfbf80, 0x00000000c1c00000| 98%| O|  |TAMS 0x00000000c1bfbf80, 0x00000000c1b00000| Untracked 
|  28|0x00000000c1c00000, 0x00000000c1cfc250, 0x00000000c1d00000| 98%| O|  |TAMS 0x00000000c1cfc250, 0x00000000c1c00000| Untracked 
|  29|0x00000000c1d00000, 0x00000000c1e00000, 0x00000000c1e00000|100%|HS|  |TAMS 0x00000000c1e00000, 0x00000000c1d00000| Untracked 
|  30|0x00000000c1e00000, 0x00000000c1eee7e8, 0x00000000c1f00000| 93%| O|  |TAMS 0x00000000c1e00000, 0x00000000c1e00000| Untracked 
|  31|0x00000000c1f00000, 0x00000000c1fffff8, 0x00000000c2000000| 99%| O|  |TAMS 0x00000000c1fffff8, 0x00000000c1f00000| Untracked 
|  32|0x00000000c2000000, 0x00000000c20d7c10, 0x00000000c2100000| 84%| O|  |TAMS 0x00000000c2000000, 0x00000000c2000000| Untracked 
|  33|0x00000000c2100000, 0x00000000c2100000, 0x00000000c2200000|  0%| F|  |TAMS 0x00000000c2100000, 0x00000000c2100000| Untracked 
|  34|0x00000000c2200000, 0x00000000c2200000, 0x00000000c2300000|  0%| F|  |TAMS 0x00000000c2200000, 0x00000000c2200000| Untracked 
|  35|0x00000000c2300000, 0x00000000c2300000, 0x00000000c2400000|  0%| F|  |TAMS 0x00000000c2300000, 0x00000000c2300000| Untracked 
|  36|0x00000000c2400000, 0x00000000c2400000, 0x00000000c2500000|  0%| F|  |TAMS 0x00000000c2400000, 0x00000000c2400000| Untracked 
|  37|0x00000000c2500000, 0x00000000c2500000, 0x00000000c2600000|  0%| F|  |TAMS 0x00000000c2500000, 0x00000000c2500000| Untracked 
|  38|0x00000000c2600000, 0x00000000c2600000, 0x00000000c2700000|  0%| F|  |TAMS 0x00000000c2600000, 0x00000000c2600000| Untracked 
|  39|0x00000000c2700000, 0x00000000c2700000, 0x00000000c2800000|  0%| F|  |TAMS 0x00000000c2700000, 0x00000000c2700000| Untracked 
|  40|0x00000000c2800000, 0x00000000c2800000, 0x00000000c2900000|  0%| F|  |TAMS 0x00000000c2800000, 0x00000000c2800000| Untracked 
|  41|0x00000000c2900000, 0x00000000c2900000, 0x00000000c2a00000|  0%| F|  |TAMS 0x00000000c2900000, 0x00000000c2900000| Untracked 
|  42|0x00000000c2a00000, 0x00000000c2a00000, 0x00000000c2b00000|  0%| F|  |TAMS 0x00000000c2a00000, 0x00000000c2a00000| Untracked 
|  43|0x00000000c2b00000, 0x00000000c2b00000, 0x00000000c2c00000|  0%| F|  |TAMS 0x00000000c2b00000, 0x00000000c2b00000| Untracked 
|  44|0x00000000c2c00000, 0x00000000c2c00000, 0x00000000c2d00000|  0%| F|  |TAMS 0x00000000c2c00000, 0x00000000c2c00000| Untracked 
|  45|0x00000000c2d00000, 0x00000000c2d00000, 0x00000000c2e00000|  0%| F|  |TAMS 0x00000000c2d00000, 0x00000000c2d00000| Untracked 
|  46|0x00000000c2e00000, 0x00000000c2e00000, 0x00000000c2f00000|  0%| F|  |TAMS 0x00000000c2e00000, 0x00000000c2e00000| Untracked 
|  47|0x00000000c2f00000, 0x00000000c2f00000, 0x00000000c3000000|  0%| F|  |TAMS 0x00000000c2f00000, 0x00000000c2f00000| Untracked 
|  48|0x00000000c3000000, 0x00000000c3000000, 0x00000000c3100000|  0%| F|  |TAMS 0x00000000c3000000, 0x00000000c3000000| Untracked 
|  49|0x00000000c3100000, 0x00000000c3100000, 0x00000000c3200000|  0%| F|  |TAMS 0x00000000c3100000, 0x00000000c3100000| Untracked 
|  50|0x00000000c3200000, 0x00000000c3200000, 0x00000000c3300000|  0%| F|  |TAMS 0x00000000c3200000, 0x00000000c3200000| Untracked 
|  51|0x00000000c3300000, 0x00000000c3300000, 0x00000000c3400000|  0%| F|  |TAMS 0x00000000c3300000, 0x00000000c3300000| Untracked 
|  52|0x00000000c3400000, 0x00000000c3400000, 0x00000000c3500000|  0%| F|  |TAMS 0x00000000c3400000, 0x00000000c3400000| Untracked 
|  53|0x00000000c3500000, 0x00000000c3500000, 0x00000000c3600000|  0%| F|  |TAMS 0x00000000c3500000, 0x00000000c3500000| Untracked 
|  54|0x00000000c3600000, 0x00000000c3600000, 0x00000000c3700000|  0%| F|  |TAMS 0x00000000c3600000, 0x00000000c3600000| Untracked 
|  55|0x00000000c3700000, 0x00000000c3700000, 0x00000000c3800000|  0%| F|  |TAMS 0x00000000c3700000, 0x00000000c3700000| Untracked 
|  56|0x00000000c3800000, 0x00000000c3800000, 0x00000000c3900000|  0%| F|  |TAMS 0x00000000c3800000, 0x00000000c3800000| Untracked 
|  57|0x00000000c3900000, 0x00000000c3900000, 0x00000000c3a00000|  0%| F|  |TAMS 0x00000000c3900000, 0x00000000c3900000| Untracked 
|  58|0x00000000c3a00000, 0x00000000c3a00000, 0x00000000c3b00000|  0%| F|  |TAMS 0x00000000c3a00000, 0x00000000c3a00000| Untracked 
|  59|0x00000000c3b00000, 0x00000000c3b00000, 0x00000000c3c00000|  0%| F|  |TAMS 0x00000000c3b00000, 0x00000000c3b00000| Untracked 
|  60|0x00000000c3c00000, 0x00000000c3c00000, 0x00000000c3d00000|  0%| F|  |TAMS 0x00000000c3c00000, 0x00000000c3c00000| Untracked 
|  61|0x00000000c3d00000, 0x00000000c3d00000, 0x00000000c3e00000|  0%| F|  |TAMS 0x00000000c3d00000, 0x00000000c3d00000| Untracked 
|  62|0x00000000c3e00000, 0x00000000c3e00000, 0x00000000c3f00000|  0%| F|  |TAMS 0x00000000c3e00000, 0x00000000c3e00000| Untracked 
|  63|0x00000000c3f00000, 0x00000000c3f00000, 0x00000000c4000000|  0%| F|  |TAMS 0x00000000c3f00000, 0x00000000c3f00000| Untracked 
|  64|0x00000000c4000000, 0x00000000c4000000, 0x00000000c4100000|  0%| F|  |TAMS 0x00000000c4000000, 0x00000000c4000000| Untracked 
|  65|0x00000000c4100000, 0x00000000c4100000, 0x00000000c4200000|  0%| F|  |TAMS 0x00000000c4100000, 0x00000000c4100000| Untracked 
|  66|0x00000000c4200000, 0x00000000c4200000, 0x00000000c4300000|  0%| F|  |TAMS 0x00000000c4200000, 0x00000000c4200000| Untracked 
|  67|0x00000000c4300000, 0x00000000c4300000, 0x00000000c4400000|  0%| F|  |TAMS 0x00000000c4300000, 0x00000000c4300000| Untracked 
|  68|0x00000000c4400000, 0x00000000c4400000, 0x00000000c4500000|  0%| F|  |TAMS 0x00000000c4400000, 0x00000000c4400000| Untracked 
|  69|0x00000000c4500000, 0x00000000c4500000, 0x00000000c4600000|  0%| F|  |TAMS 0x00000000c4500000, 0x00000000c4500000| Untracked 
|  70|0x00000000c4600000, 0x00000000c4600000, 0x00000000c4700000|  0%| F|  |TAMS 0x00000000c4600000, 0x00000000c4600000| Untracked 
|  71|0x00000000c4700000, 0x00000000c4700000, 0x00000000c4800000|  0%| F|  |TAMS 0x00000000c4700000, 0x00000000c4700000| Untracked 
|  72|0x00000000c4800000, 0x00000000c4800000, 0x00000000c4900000|  0%| F|  |TAMS 0x00000000c4800000, 0x00000000c4800000| Untracked 
|  73|0x00000000c4900000, 0x00000000c4900000, 0x00000000c4a00000|  0%| F|  |TAMS 0x00000000c4900000, 0x00000000c4900000| Untracked 
|  74|0x00000000c4a00000, 0x00000000c4a00000, 0x00000000c4b00000|  0%| F|  |TAMS 0x00000000c4a00000, 0x00000000c4a00000| Untracked 
|  75|0x00000000c4b00000, 0x00000000c4b00000, 0x00000000c4c00000|  0%| F|  |TAMS 0x00000000c4b00000, 0x00000000c4b00000| Untracked 
|  76|0x00000000c4c00000, 0x00000000c4c00000, 0x00000000c4d00000|  0%| F|  |TAMS 0x00000000c4c00000, 0x00000000c4c00000| Untracked 
|  77|0x00000000c4d00000, 0x00000000c4d00000, 0x00000000c4e00000|  0%| F|  |TAMS 0x00000000c4d00000, 0x00000000c4d00000| Untracked 
|  78|0x00000000c4e00000, 0x00000000c4e00000, 0x00000000c4f00000|  0%| F|  |TAMS 0x00000000c4e00000, 0x00000000c4e00000| Untracked 
|  79|0x00000000c4f00000, 0x00000000c4f00000, 0x00000000c5000000|  0%| F|  |TAMS 0x00000000c4f00000, 0x00000000c4f00000| Untracked 
|  80|0x00000000c5000000, 0x00000000c5000000, 0x00000000c5100000|  0%| F|  |TAMS 0x00000000c5000000, 0x00000000c5000000| Untracked 
|  81|0x00000000c5100000, 0x00000000c5100000, 0x00000000c5200000|  0%| F|  |TAMS 0x00000000c5100000, 0x00000000c5100000| Untracked 
|  82|0x00000000c5200000, 0x00000000c5200000, 0x00000000c5300000|  0%| F|  |TAMS 0x00000000c5200000, 0x00000000c5200000| Untracked 
|  83|0x00000000c5300000, 0x00000000c5300000, 0x00000000c5400000|  0%| F|  |TAMS 0x00000000c5300000, 0x00000000c5300000| Untracked 
|  84|0x00000000c5400000, 0x00000000c5400000, 0x00000000c5500000|  0%| F|  |TAMS 0x00000000c5400000, 0x00000000c5400000| Untracked 
|  85|0x00000000c5500000, 0x00000000c5500000, 0x00000000c5600000|  0%| F|  |TAMS 0x00000000c5500000, 0x00000000c5500000| Untracked 
|  86|0x00000000c5600000, 0x00000000c5600000, 0x00000000c5700000|  0%| F|  |TAMS 0x00000000c5600000, 0x00000000c5600000| Untracked 
|  87|0x00000000c5700000, 0x00000000c5700000, 0x00000000c5800000|  0%| F|  |TAMS 0x00000000c5700000, 0x00000000c5700000| Untracked 
|  88|0x00000000c5800000, 0x00000000c5800000, 0x00000000c5900000|  0%| F|  |TAMS 0x00000000c5800000, 0x00000000c5800000| Untracked 
|  89|0x00000000c5900000, 0x00000000c5900000, 0x00000000c5a00000|  0%| F|  |TAMS 0x00000000c5900000, 0x00000000c5900000| Untracked 
|  90|0x00000000c5a00000, 0x00000000c5a00000, 0x00000000c5b00000|  0%| F|  |TAMS 0x00000000c5a00000, 0x00000000c5a00000| Untracked 
|  91|0x00000000c5b00000, 0x00000000c5b00000, 0x00000000c5c00000|  0%| F|  |TAMS 0x00000000c5b00000, 0x00000000c5b00000| Untracked 
|  92|0x00000000c5c00000, 0x00000000c5c00000, 0x00000000c5d00000|  0%| F|  |TAMS 0x00000000c5c00000, 0x00000000c5c00000| Untracked 
|  93|0x00000000c5d00000, 0x00000000c5d00000, 0x00000000c5e00000|  0%| F|  |TAMS 0x00000000c5d00000, 0x00000000c5d00000| Untracked 
|  94|0x00000000c5e00000, 0x00000000c5e00000, 0x00000000c5f00000|  0%| F|  |TAMS 0x00000000c5e00000, 0x00000000c5e00000| Untracked 
|  95|0x00000000c5f00000, 0x00000000c5f00000, 0x00000000c6000000|  0%| F|  |TAMS 0x00000000c5f00000, 0x00000000c5f00000| Untracked 
|  96|0x00000000c6000000, 0x00000000c6100000, 0x00000000c6100000|100%| O|  |TAMS 0x00000000c6100000, 0x00000000c6000000| Untracked 
|  97|0x00000000c6100000, 0x00000000c6200000, 0x00000000c6200000|100%| O|  |TAMS 0x00000000c6200000, 0x00000000c6100000| Untracked 
|  98|0x00000000c6200000, 0x00000000c6200000, 0x00000000c6300000|  0%| F|  |TAMS 0x00000000c6200000, 0x00000000c6200000| Untracked 
|  99|0x00000000c6300000, 0x00000000c630ddf8, 0x00000000c6400000|  5%| E|  |TAMS 0x00000000c6300000, 0x00000000c6300000| Complete 

Card table byte_map: [0x000001fb55cb0000,0x000001fb55eb0000] _byte_map_base: 0x000001fb556b0000

Marking Bits (Prev, Next): (CMBitMap*) 0x000001fb4fd56f60, (CMBitMap*) 0x000001fb4fd56f20
 Prev Bits: [0x000001fb570b0000, 0x000001fb580b0000)
 Next Bits: [0x000001fb560b0000, 0x000001fb570b0000)

Polling page: 0x000001fb4dc50000

Metaspace:

Usage:
  Non-class:     51.20 MB used.
      Class:      7.32 MB used.
       Both:     58.52 MB used.

Virtual space:
  Non-class space:       64.00 MB reserved,      51.50 MB ( 80%) committed,  1 nodes.
      Class space:        1.00 GB reserved,       7.50 MB ( <1%) committed,  1 nodes.
             Both:        1.06 GB reserved,      59.00 MB (  5%) committed. 

Chunk freelists:
   Non-Class:  12.21 MB
       Class:  8.40 MB
        Both:  20.61 MB

MaxMetaspaceSize: unlimited
CompressedClassSpaceSize: 1.00 GB
Initial GC threshold: 21.00 MB
Current GC threshold: 98.38 MB
CDS: off
MetaspaceReclaimPolicy: balanced
 - commit_granule_bytes: 65536.
 - commit_granule_words: 8192.
 - virtual_space_node_default_size: 8388608.
 - enlarge_chunks_in_place: 1.
 - new_chunks_are_fully_committed: 0.
 - uncommit_free_chunks: 1.
 - use_allocation_guard: 0.
 - handle_deallocations: 1.


Internal statistics:

num_allocs_failed_limit: 6.
num_arena_births: 798.
num_arena_deaths: 290.
num_vsnodes_births: 2.
num_vsnodes_deaths: 0.
num_space_committed: 944.
num_space_uncommitted: 0.
num_chunks_returned_to_freelist: 340.
num_chunks_taken_from_freelist: 2822.
num_chunk_merges: 110.
num_chunk_splits: 1858.
num_chunks_enlarged: 1389.
num_inconsistent_stats: 0.

CodeCache: size=49152Kb used=19116Kb max_used=19652Kb free=30035Kb
 bounds [0x000001fb529a0000, 0x000001fb53d50000, 0x000001fb559a0000]
 total_blobs=10766 nmethods=10091 adapters=601
 compilation: enabled
              stopped_count=0, restarted_count=0
 full_count=0

Compilation events (20 events):
Event: 1515.965 Thread 0x000001fb5f009ee0 10082       1       java.io.FileDescriptor$1::registerCleanup (5 bytes)
Event: 1515.965 Thread 0x000001fb5f009ee0 nmethod 10082 0x000001fb53b80790 code [0x000001fb53b80920, 0x000001fb53b80a08]
Event: 10470.602 Thread 0x000001fb5f009ee0 10083       1       java.util.concurrent.ConcurrentLinkedDeque::first (65 bytes)
Event: 10470.604 Thread 0x000001fb5f009ee0 nmethod 10083 0x000001fb53b7fd90 code [0x000001fb53b7ff80, 0x000001fb53b80478]
Event: 10470.604 Thread 0x000001fb5f009ee0 10089       1       java.util.concurrent.ConcurrentLinkedDeque::toArrayInternal (141 bytes)
Event: 10470.631 Thread 0x000001fb5f009ee0 nmethod 10089 0x000001fb53b7f210 code [0x000001fb53b7f400, 0x000001fb53b7fad8]
Event: 10470.631 Thread 0x000001fb5f009ee0 10087       1       reactor.core.scheduler.BoundedElasticScheduler$BoundedServices::eviction (90 bytes)
Event: 10470.643 Thread 0x000001fb5f009ee0 nmethod 10087 0x000001fb53b7ea10 code [0x000001fb53b7ec00, 0x000001fb53b7ef88]
Event: 10470.643 Thread 0x000001fb5f009ee0 10084       1       java.time.Clock$TickClock::millis (23 bytes)
Event: 10470.643 Thread 0x000001fb5f009ee0 nmethod 10084 0x000001fb53b7e590 code [0x000001fb53b7e740, 0x000001fb53b7e8e8]
Event: 10470.643 Thread 0x000001fb5f009ee0 10085       1       java.time.Clock$SystemClock::millis (4 bytes)
Event: 10470.643 Thread 0x000001fb5f009ee0 nmethod 10085 0x000001fb53b7e290 code [0x000001fb53b7e420, 0x000001fb53b7e4f8]
Event: 10470.663 Thread 0x000001fb5f009ee0 10086       1       reactor.core.scheduler.BoundedElasticScheduler$$Lambda$637/0x0000000100499810::run (8 bytes)
Event: 10470.663 Thread 0x000001fb5f009ee0 nmethod 10086 0x000001fb53b7df90 code [0x000001fb53b7e120, 0x000001fb53b7e208]
Event: 10545.679 Thread 0x000001fb5f009ee0 10090       1       org.springframework.ide.vscode.commons.languageserver.util.ParentProcessWatcher::isWindows (30 bytes)
Event: 10545.718 Thread 0x000001fb5f009ee0 nmethod 10090 0x000001fb53b7d790 code [0x000001fb53b7d9c0, 0x000001fb53b7dd48]
Event: 10545.936 Thread 0x000001fb5f009ee0 10091   !   1       com.google.common.io.Closeables::close (37 bytes)
Event: 10546.015 Thread 0x000001fb5f009ee0 nmethod 10091 0x000001fb53b7d010 code [0x000001fb53b7d200, 0x000001fb53b7d5a8]
Event: 10701.761 Thread 0x000001fb5f009ee0 10093       1       ch.qos.logback.classic.spi.StackTraceElementProxy::<init> (24 bytes)
Event: 10701.770 Thread 0x000001fb5f009ee0 nmethod 10093 0x000001fb53b7c810 code [0x000001fb53b7c9c0, 0x000001fb53b7cb88]

GC Heap History (20 events):
Event: 10598.276 GC heap before
{Heap before GC invocations=210 (full 90):
 garbage-first heap   total 102400K, used 35576K [0x00000000c0000000, 0x0000000100000000)
  region size 1024K, 1 young (1024K), 0 survivors (0K)
 Metaspace       used 59923K, committed 60416K, reserved 1114112K
  class space    used 7495K, committed 7680K, reserved 1048576K
}
Event: 10598.362 GC heap after
{Heap after GC invocations=211 (full 91):
 garbage-first heap   total 102400K, used 35576K [0x00000000c0000000, 0x0000000100000000)
  region size 1024K, 0 young (0K), 0 survivors (0K)
 Metaspace       used 59923K, committed 60416K, reserved 1114112K
  class space    used 7495K, committed 7680K, reserved 1048576K
}
Event: 10608.680 GC heap before
{Heap before GC invocations=211 (full 91):
 garbage-first heap   total 102400K, used 35576K [0x00000000c0000000, 0x0000000100000000)
  region size 1024K, 1 young (1024K), 0 survivors (0K)
 Metaspace       used 59923K, committed 60416K, reserved 1114112K
  class space    used 7495K, committed 7680K, reserved 1048576K
}
Event: 10608.760 GC heap after
{Heap after GC invocations=212 (full 92):
 garbage-first heap   total 102400K, used 35576K [0x00000000c0000000, 0x0000000100000000)
  region size 1024K, 0 young (0K), 0 survivors (0K)
 Metaspace       used 59923K, committed 60416K, reserved 1114112K
  class space    used 7495K, committed 7680K, reserved 1048576K
}
Event: 10619.030 GC heap before
{Heap before GC invocations=212 (full 92):
 garbage-first heap   total 102400K, used 35576K [0x00000000c0000000, 0x0000000100000000)
  region size 1024K, 1 young (1024K), 0 survivors (0K)
 Metaspace       used 59923K, committed 60416K, reserved 1114112K
  class space    used 7495K, committed 7680K, reserved 1048576K
}
Event: 10619.115 GC heap after
{Heap after GC invocations=213 (full 93):
 garbage-first heap   total 102400K, used 35576K [0x00000000c0000000, 0x0000000100000000)
  region size 1024K, 0 young (0K), 0 survivors (0K)
 Metaspace       used 59923K, committed 60416K, reserved 1114112K
  class space    used 7495K, committed 7680K, reserved 1048576K
}
Event: 10629.482 GC heap before
{Heap before GC invocations=213 (full 93):
 garbage-first heap   total 102400K, used 35576K [0x00000000c0000000, 0x0000000100000000)
  region size 1024K, 1 young (1024K), 0 survivors (0K)
 Metaspace       used 59923K, committed 60416K, reserved 1114112K
  class space    used 7495K, committed 7680K, reserved 1048576K
}
Event: 10629.586 GC heap after
{Heap after GC invocations=214 (full 94):
 garbage-first heap   total 102400K, used 35576K [0x00000000c0000000, 0x0000000100000000)
  region size 1024K, 0 young (0K), 0 survivors (0K)
 Metaspace       used 59923K, committed 60416K, reserved 1114112K
  class space    used 7495K, committed 7680K, reserved 1048576K
}
Event: 10639.863 GC heap before
{Heap before GC invocations=214 (full 94):
 garbage-first heap   total 102400K, used 35576K [0x00000000c0000000, 0x0000000100000000)
  region size 1024K, 1 young (1024K), 0 survivors (0K)
 Metaspace       used 59923K, committed 60416K, reserved 1114112K
  class space    used 7495K, committed 7680K, reserved 1048576K
}
Event: 10639.952 GC heap after
{Heap after GC invocations=215 (full 95):
 garbage-first heap   total 102400K, used 35576K [0x00000000c0000000, 0x0000000100000000)
  region size 1024K, 0 young (0K), 0 survivors (0K)
 Metaspace       used 59923K, committed 60416K, reserved 1114112K
  class space    used 7495K, committed 7680K, reserved 1048576K
}
Event: 10650.253 GC heap before
{Heap before GC invocations=215 (full 95):
 garbage-first heap   total 102400K, used 35576K [0x00000000c0000000, 0x0000000100000000)
  region size 1024K, 1 young (1024K), 0 survivors (0K)
 Metaspace       used 59923K, committed 60416K, reserved 1114112K
  class space    used 7495K, committed 7680K, reserved 1048576K
}
Event: 10650.350 GC heap after
{Heap after GC invocations=216 (full 96):
 garbage-first heap   total 102400K, used 35576K [0x00000000c0000000, 0x0000000100000000)
  region size 1024K, 0 young (0K), 0 survivors (0K)
 Metaspace       used 59923K, committed 60416K, reserved 1114112K
  class space    used 7495K, committed 7680K, reserved 1048576K
}
Event: 10660.594 GC heap before
{Heap before GC invocations=216 (full 96):
 garbage-first heap   total 102400K, used 35576K [0x00000000c0000000, 0x0000000100000000)
  region size 1024K, 1 young (1024K), 0 survivors (0K)
 Metaspace       used 59923K, committed 60416K, reserved 1114112K
  class space    used 7495K, committed 7680K, reserved 1048576K
}
Event: 10660.654 GC heap after
{Heap after GC invocations=217 (full 97):
 garbage-first heap   total 102400K, used 35576K [0x00000000c0000000, 0x0000000100000000)
  region size 1024K, 0 young (0K), 0 survivors (0K)
 Metaspace       used 59923K, committed 60416K, reserved 1114112K
  class space    used 7495K, committed 7680K, reserved 1048576K
}
Event: 10670.882 GC heap before
{Heap before GC invocations=217 (full 97):
 garbage-first heap   total 102400K, used 35576K [0x00000000c0000000, 0x0000000100000000)
  region size 1024K, 1 young (1024K), 0 survivors (0K)
 Metaspace       used 59923K, committed 60416K, reserved 1114112K
  class space    used 7495K, committed 7680K, reserved 1048576K
}
Event: 10670.934 GC heap after
{Heap after GC invocations=218 (full 98):
 garbage-first heap   total 102400K, used 35576K [0x00000000c0000000, 0x0000000100000000)
  region size 1024K, 0 young (0K), 0 survivors (0K)
 Metaspace       used 59923K, committed 60416K, reserved 1114112K
  class space    used 7495K, committed 7680K, reserved 1048576K
}
Event: 10681.225 GC heap before
{Heap before GC invocations=218 (full 98):
 garbage-first heap   total 102400K, used 35576K [0x00000000c0000000, 0x0000000100000000)
  region size 1024K, 1 young (1024K), 0 survivors (0K)
 Metaspace       used 59923K, committed 60416K, reserved 1114112K
  class space    used 7495K, committed 7680K, reserved 1048576K
}
Event: 10681.331 GC heap after
{Heap after GC invocations=219 (full 99):
 garbage-first heap   total 102400K, used 35576K [0x00000000c0000000, 0x0000000100000000)
  region size 1024K, 0 young (0K), 0 survivors (0K)
 Metaspace       used 59923K, committed 60416K, reserved 1114112K
  class space    used 7495K, committed 7680K, reserved 1048576K
}
Event: 10691.621 GC heap before
{Heap before GC invocations=219 (full 99):
 garbage-first heap   total 102400K, used 35576K [0x00000000c0000000, 0x0000000100000000)
  region size 1024K, 1 young (1024K), 0 survivors (0K)
 Metaspace       used 59923K, committed 60416K, reserved 1114112K
  class space    used 7495K, committed 7680K, reserved 1048576K
}
Event: 10691.723 GC heap after
{Heap after GC invocations=220 (full 100):
 garbage-first heap   total 102400K, used 35576K [0x00000000c0000000, 0x0000000100000000)
  region size 1024K, 0 young (0K), 0 survivors (0K)
 Metaspace       used 59923K, committed 60416K, reserved 1114112K
  class space    used 7495K, committed 7680K, reserved 1048576K
}

Dll operation events (9 events):
Event: 0.038 Loaded shared library c:\Users\willi\.vscode\extensions\redhat.java-1.26.0-win32-x64\jre\17.0.9-win32-x86_64\bin\java.dll
Event: 1.496 Loaded shared library C:\Users\willi\.vscode\extensions\redhat.java-1.26.0-win32-x64\jre\17.0.9-win32-x86_64\bin\net.dll
Event: 1.500 Loaded shared library C:\Users\willi\.vscode\extensions\redhat.java-1.26.0-win32-x64\jre\17.0.9-win32-x86_64\bin\nio.dll
Event: 2.065 Loaded shared library C:\Users\willi\.vscode\extensions\redhat.java-1.26.0-win32-x64\jre\17.0.9-win32-x86_64\bin\zip.dll
Event: 10.589 Loaded shared library C:\Users\willi\.vscode\extensions\redhat.java-1.26.0-win32-x64\jre\17.0.9-win32-x86_64\bin\jimage.dll
Event: 17.818 Loaded shared library c:\Users\willi\.vscode\extensions\redhat.java-1.26.0-win32-x64\jre\17.0.9-win32-x86_64\bin\verify.dll
Event: 19.658 Loaded shared library C:\Users\willi\.vscode\extensions\redhat.java-1.26.0-win32-x64\jre\17.0.9-win32-x86_64\bin\management.dll
Event: 19.662 Loaded shared library C:\Users\willi\.vscode\extensions\redhat.java-1.26.0-win32-x64\jre\17.0.9-win32-x86_64\bin\management_ext.dll
Event: 21.196 Loaded shared library C:\Users\willi\.vscode\extensions\redhat.java-1.26.0-win32-x64\jre\17.0.9-win32-x86_64\bin\sunmscapi.dll

Deoptimization events (20 events):
Event: 335.950 Thread 0x000001fb608169a0 DEOPT PACKING pc=0x000001fb5381e3b9 sp=0x000000dc29dfe5f0
Event: 335.950 Thread 0x000001fb608169a0 DEOPT UNPACKING pc=0x000001fb529f7143 sp=0x000000dc29dfdab0 mode 3
Event: 429.146 Thread 0x000001fb60b2c920 DEOPT PACKING pc=0x000001fb5365a099 sp=0x000000dc277fe420
Event: 429.146 Thread 0x000001fb60b2c920 DEOPT UNPACKING pc=0x000001fb529f7143 sp=0x000000dc277fd9b0 mode 3
Event: 482.251 Thread 0x000001fb60b2c920 DEOPT PACKING pc=0x000001fb539268bb sp=0x000000dc277fe7f0
Event: 482.251 Thread 0x000001fb60b2c920 DEOPT UNPACKING pc=0x000001fb529f7143 sp=0x000000dc277fdcc0 mode 3
Event: 528.761 Thread 0x000001fb60b2c920 DEOPT PACKING pc=0x000001fb53a7f6ea sp=0x000000dc277fe5a0
Event: 528.761 Thread 0x000001fb60b2c920 DEOPT UNPACKING pc=0x000001fb529f7143 sp=0x000000dc277fdae8 mode 3
Event: 533.464 Thread 0x000001fb60b2c920 DEOPT PACKING pc=0x000001fb53ba2dab sp=0x000000dc277fe580
Event: 533.464 Thread 0x000001fb60b2c920 DEOPT UNPACKING pc=0x000001fb529f7143 sp=0x000000dc277fda80 mode 3
Event: 720.780 Thread 0x000001fb69861f70 DEOPT PACKING pc=0x000001fb53bc5d98 sp=0x000000dc286fe640
Event: 720.780 Thread 0x000001fb69861f70 DEOPT UNPACKING pc=0x000001fb529f7143 sp=0x000000dc286fdb30 mode 3
Event: 724.632 Thread 0x000001fb69861f70 DEOPT PACKING pc=0x000001fb53bb940f sp=0x000000dc286fe3f0
Event: 724.632 Thread 0x000001fb69861f70 DEOPT UNPACKING pc=0x000001fb529f7143 sp=0x000000dc286fd920 mode 3
Event: 777.664 Thread 0x000001fb69861f70 DEOPT PACKING pc=0x000001fb53c329c4 sp=0x000000dc286fe440
Event: 777.664 Thread 0x000001fb69861f70 DEOPT UNPACKING pc=0x000001fb529f7143 sp=0x000000dc286fd968 mode 3
Event: 785.809 Thread 0x000001fb69861f70 DEOPT PACKING pc=0x000001fb53bcff51 sp=0x000000dc286fe830
Event: 785.809 Thread 0x000001fb69861f70 DEOPT UNPACKING pc=0x000001fb529f7143 sp=0x000000dc286fdd18 mode 3
Event: 814.829 Thread 0x000001fb69861f70 DEOPT PACKING pc=0x000001fb53c622b4 sp=0x000000dc286fe7b0
Event: 814.829 Thread 0x000001fb69861f70 DEOPT UNPACKING pc=0x000001fb529f7143 sp=0x000000dc286fdd58 mode 0

Classes unloaded (20 events):
Event: 861.562 Thread 0x000001fb5aab0ac0 Unloading class 0x000000010079e000 'java/lang/invoke/LambdaForm$MH+0x000000010079e000'
Event: 861.562 Thread 0x000001fb5aab0ac0 Unloading class 0x000000010079dc00 'java/lang/invoke/LambdaForm$MH+0x000000010079dc00'
Event: 861.562 Thread 0x000001fb5aab0ac0 Unloading class 0x000000010079d400 'java/lang/invoke/LambdaForm$MH+0x000000010079d400'
Event: 861.562 Thread 0x000001fb5aab0ac0 Unloading class 0x000000010079d000 'java/lang/invoke/LambdaForm$MH+0x000000010079d000'
Event: 861.562 Thread 0x000001fb5aab0ac0 Unloading class 0x000000010079cc00 'java/lang/invoke/LambdaForm$MH+0x000000010079cc00'
Event: 861.562 Thread 0x000001fb5aab0ac0 Unloading class 0x000000010079c800 'java/lang/invoke/LambdaForm$MH+0x000000010079c800'
Event: 861.562 Thread 0x000001fb5aab0ac0 Unloading class 0x000000010079c400 'java/lang/invoke/LambdaForm$MH+0x000000010079c400'
Event: 861.562 Thread 0x000001fb5aab0ac0 Unloading class 0x000000010079c000 'java/lang/invoke/LambdaForm$MH+0x000000010079c000'
Event: 902.383 Thread 0x000001fb5aab0ac0 Unloading class 0x0000000100790c00 'jdk/internal/reflect/GeneratedConstructorAccessor64'
Event: 902.383 Thread 0x000001fb5aab0ac0 Unloading class 0x0000000100780c00 'jdk/internal/reflect/GeneratedConstructorAccessor56'
Event: 902.383 Thread 0x000001fb5aab0ac0 Unloading class 0x0000000100780800 'jdk/internal/reflect/GeneratedConstructorAccessor55'
Event: 902.383 Thread 0x000001fb5aab0ac0 Unloading class 0x0000000100780400 'jdk/internal/reflect/GeneratedMethodAccessor22'
Event: 902.383 Thread 0x000001fb5aab0ac0 Unloading class 0x00000001000d6000 'jdk/internal/reflect/GeneratedMethodAccessor18'
Event: 902.383 Thread 0x000001fb5aab0ac0 Unloading class 0x0000000100211800 'jdk/internal/reflect/GeneratedConstructorAccessor50'
Event: 902.383 Thread 0x000001fb5aab0ac0 Unloading class 0x0000000100225c00 'jdk/internal/reflect/GeneratedMethodAccessor17'
Event: 902.383 Thread 0x000001fb5aab0ac0 Unloading class 0x0000000100226800 'jdk/internal/reflect/GeneratedConstructorAccessor49'
Event: 902.383 Thread 0x000001fb5aab0ac0 Unloading class 0x0000000100320400 'jdk/internal/reflect/GeneratedMethodAccessor16'
Event: 902.383 Thread 0x000001fb5aab0ac0 Unloading class 0x0000000100398000 'jdk/internal/reflect/GeneratedMethodAccessor15'
Event: 902.383 Thread 0x000001fb5aab0ac0 Unloading class 0x0000000100399400 'jdk/internal/reflect/GeneratedMethodAccessor14'
Event: 902.383 Thread 0x000001fb5aab0ac0 Unloading class 0x00000001003a2c00 'jdk/internal/reflect/GeneratedConstructorAccessor44'

Classes redefined (0 events):
No events

Internal exceptions (20 events):
Event: 821.988 Thread 0x000001fb60818800 Exception <a 'sun/nio/fs/WindowsException'{0x00000000c797a180}> (0x00000000c797a180) 
thrown [s\src\hotspot\share\prims\jni.cpp, line 516]
Event: 821.988 Thread 0x000001fb60818800 Exception <a 'sun/nio/fs/WindowsException'{0x00000000c797a4b0}> (0x00000000c797a4b0) 
thrown [s\src\hotspot\share\prims\jni.cpp, line 516]
Event: 821.988 Thread 0x000001fb60818800 Exception <a 'sun/nio/fs/WindowsException'{0x00000000c797b460}> (0x00000000c797b460) 
thrown [s\src\hotspot\share\prims\jni.cpp, line 516]
Event: 821.988 Thread 0x000001fb60818800 Exception <a 'sun/nio/fs/WindowsException'{0x00000000c797b7e0}> (0x00000000c797b7e0) 
thrown [s\src\hotspot\share\prims\jni.cpp, line 516]
Event: 821.989 Thread 0x000001fb60818800 Exception <a 'sun/nio/fs/WindowsException'{0x00000000c797c4e8}> (0x00000000c797c4e8) 
thrown [s\src\hotspot\share\prims\jni.cpp, line 516]
Event: 821.989 Thread 0x000001fb60818800 Exception <a 'sun/nio/fs/WindowsException'{0x00000000c797cb40}> (0x00000000c797cb40) 
thrown [s\src\hotspot\share\prims\jni.cpp, line 516]
Event: 821.989 Thread 0x000001fb60818800 Exception <a 'sun/nio/fs/WindowsException'{0x00000000c797ce70}> (0x00000000c797ce70) 
thrown [s\src\hotspot\share\prims\jni.cpp, line 516]
Event: 821.989 Thread 0x000001fb60818800 Exception <a 'sun/nio/fs/WindowsException'{0x00000000c797de20}> (0x00000000c797de20) 
thrown [s\src\hotspot\share\prims\jni.cpp, line 516]
Event: 821.989 Thread 0x000001fb60818800 Exception <a 'sun/nio/fs/WindowsException'{0x00000000c797e1a0}> (0x00000000c797e1a0) 
thrown [s\src\hotspot\share\prims\jni.cpp, line 516]
Event: 822.069 Thread 0x000001fb60818800 Exception <a 'sun/nio/fs/WindowsException'{0x00000000c6e28750}> (0x00000000c6e28750) 
thrown [s\src\hotspot\share\prims\jni.cpp, line 516]
Event: 822.069 Thread 0x000001fb60818800 Exception <a 'sun/nio/fs/WindowsException'{0x00000000c6e28e20}> (0x00000000c6e28e20) 
thrown [s\src\hotspot\share\prims\jni.cpp, line 516]
Event: 822.069 Thread 0x000001fb60818800 Exception <a 'sun/nio/fs/WindowsException'{0x00000000c6e29140}> (0x00000000c6e29140) 
thrown [s\src\hotspot\share\prims\jni.cpp, line 516]
Event: 822.069 Thread 0x000001fb60818800 Exception <a 'sun/nio/fs/WindowsException'{0x00000000c6e2a0b8}> (0x00000000c6e2a0b8) 
thrown [s\src\hotspot\share\prims\jni.cpp, line 516]
Event: 822.069 Thread 0x000001fb60818800 Exception <a 'sun/nio/fs/WindowsException'{0x00000000c6e2a418}> (0x00000000c6e2a418) 
thrown [s\src\hotspot\share\prims\jni.cpp, line 516]
Event: 822.069 Thread 0x000001fb60818800 Exception <a 'sun/nio/fs/WindowsException'{0x00000000c6e2b120}> (0x00000000c6e2b120) 
thrown [s\src\hotspot\share\prims\jni.cpp, line 516]
Event: 822.069 Thread 0x000001fb60818800 Exception <a 'sun/nio/fs/WindowsException'{0x00000000c6e2b778}> (0x00000000c6e2b778) 
thrown [s\src\hotspot\share\prims\jni.cpp, line 516]
Event: 822.069 Thread 0x000001fb60818800 Exception <a 'sun/nio/fs/WindowsException'{0x00000000c6e2baa8}> (0x00000000c6e2baa8) 
thrown [s\src\hotspot\share\prims\jni.cpp, line 516]
Event: 822.069 Thread 0x000001fb60818800 Exception <a 'sun/nio/fs/WindowsException'{0x00000000c6e2ca58}> (0x00000000c6e2ca58) 
thrown [s\src\hotspot\share\prims\jni.cpp, line 516]
Event: 822.069 Thread 0x000001fb60818800 Exception <a 'sun/nio/fs/WindowsException'{0x00000000c6e2cdd8}> (0x00000000c6e2cdd8) 
thrown [s\src\hotspot\share\prims\jni.cpp, line 516]
Event: 10701.743 Thread 0x000001fb60764ca0 Exception <a 'java/io/IOException'{0x00000000c6300638}: CreateProcess error=1455, O arquivo de paginação é muito pequeno para que esta operação seja concluída> (0x00000000c6300638) 
thrown [s\src\hotspot\share\prims\jni.cpp, line 535]

VM Operations (20 events):
Event: 10598.362 Executing VM operation: G1CollectFull done
Event: 10608.680 Executing VM operation: G1CollectFull
Event: 10608.760 Executing VM operation: G1CollectFull done
Event: 10619.029 Executing VM operation: G1CollectFull
Event: 10619.115 Executing VM operation: G1CollectFull done
Event: 10629.482 Executing VM operation: G1CollectFull
Event: 10629.586 Executing VM operation: G1CollectFull done
Event: 10639.863 Executing VM operation: G1CollectFull
Event: 10639.952 Executing VM operation: G1CollectFull done
Event: 10650.253 Executing VM operation: G1CollectFull
Event: 10650.351 Executing VM operation: G1CollectFull done
Event: 10660.594 Executing VM operation: G1CollectFull
Event: 10660.654 Executing VM operation: G1CollectFull done
Event: 10670.882 Executing VM operation: G1CollectFull
Event: 10670.934 Executing VM operation: G1CollectFull done
Event: 10681.225 Executing VM operation: G1CollectFull
Event: 10681.331 Executing VM operation: G1CollectFull done
Event: 10691.621 Executing VM operation: G1CollectFull
Event: 10691.724 Executing VM operation: G1CollectFull done
Event: 10711.936 Executing VM operation: G1CollectFull

Events (20 events):
Event: 730.161 Thread 0x000001fb69574690 Thread exited: 0x000001fb69574690
Event: 735.018 Thread 0x000001fb6984eaa0 Thread exited: 0x000001fb6984eaa0
Event: 737.216 Thread 0x000001fb6984eaa0 Thread added: 0x000001fb6984eaa0
Event: 740.099 Thread 0x000001fb6984eaa0 Thread exited: 0x000001fb6984eaa0
Event: 757.633 Thread 0x000001fb60b29170 Thread exited: 0x000001fb60b29170
Event: 816.439 Thread 0x000001fb6985ff60 Thread added: 0x000001fb6985ff60
Event: 829.496 Thread 0x000001fb6985ff60 Thread exited: 0x000001fb6985ff60
Event: 873.273 Thread 0x000001fb60b27820 Thread exited: 0x000001fb60b27820
Event: 875.398 Thread 0x000001fb60b2a5b0 Thread exited: 0x000001fb60b2a5b0
Event: 877.148 Thread 0x000001fb60b2dd60 Thread exited: 0x000001fb60b2dd60
Event: 878.547 Thread 0x000001fb69861f70 Thread exited: 0x000001fb69861f70
Event: 881.998 Thread 0x000001fb60b28c60 Thread exited: 0x000001fb60b28c60
Event: 1450.458 Thread 0x000001fb6994fc70 Thread added: 0x000001fb6994fc70
Event: 1450.462 Thread 0x000001fb69950690 Thread added: 0x000001fb69950690
Event: 1450.468 Thread 0x000001fb6984b030 Thread added: 0x000001fb6984b030
Event: 1450.799 Thread 0x000001fb6984c980 Thread added: 0x000001fb6984c980
Event: 1510.465 Thread 0x000001fb6994fc70 Thread exited: 0x000001fb6994fc70
Event: 1510.911 Thread 0x000001fb6984c980 Thread exited: 0x000001fb6984c980
Event: 1510.911 Thread 0x000001fb6984b030 Thread exited: 0x000001fb6984b030
Event: 1510.941 Thread 0x000001fb69950690 Thread exited: 0x000001fb69950690


Dynamic libraries:
0x00007ff7466d0000 - 0x00007ff7466de000 	c:\Users\willi\.vscode\extensions\redhat.java-1.26.0-win32-x64\jre\17.0.9-win32-x86_64\bin\java.exe
0x00007ffb2cd70000 - 0x00007ffb2cf87000 	C:\WINDOWS\SYSTEM32\ntdll.dll
0x00007ffb2b600000 - 0x00007ffb2b6c4000 	C:\WINDOWS\System32\KERNEL32.DLL
0x00007ffb2a4f0000 - 0x00007ffb2a896000 	C:\WINDOWS\System32\KERNELBASE.dll
0x00007ffb2a200000 - 0x00007ffb2a311000 	C:\WINDOWS\System32\ucrtbase.dll
0x00007ffb22760000 - 0x00007ffb22777000 	c:\Users\willi\.vscode\extensions\redhat.java-1.26.0-win32-x64\jre\17.0.9-win32-x86_64\bin\jli.dll
0x00007ffb2c160000 - 0x00007ffb2c30e000 	C:\WINDOWS\System32\USER32.dll
0x00007ffb2a0b0000 - 0x00007ffb2a0d6000 	C:\WINDOWS\System32\win32u.dll
0x00007ffb2b540000 - 0x00007ffb2b569000 	C:\WINDOWS\System32\GDI32.dll
0x00007ffb2a0e0000 - 0x00007ffb2a1f8000 	C:\WINDOWS\System32\gdi32full.dll
0x00007ffb2a390000 - 0x00007ffb2a42a000 	C:\WINDOWS\System32\msvcp_win.dll
0x00007ffb1fc10000 - 0x00007ffb1fc2b000 	c:\Users\willi\.vscode\extensions\redhat.java-1.26.0-win32-x64\jre\17.0.9-win32-x86_64\bin\VCRUNTIME140.dll
0x00007ffb07b30000 - 0x00007ffb07dc3000 	C:\WINDOWS\WinSxS\amd64_microsoft.windows.common-controls_6595b64144ccf1df_6.0.22621.2506_none_270c5ae97388e100\COMCTL32.dll
0x00007ffb2b360000 - 0x00007ffb2b407000 	C:\WINDOWS\System32\msvcrt.dll
0x00007ffb2ad40000 - 0x00007ffb2ad71000 	C:\WINDOWS\System32\IMM32.DLL
0x00007ffb1fc00000 - 0x00007ffb1fc0c000 	c:\Users\willi\.vscode\extensions\redhat.java-1.26.0-win32-x64\jre\17.0.9-win32-x86_64\bin\vcruntime140_1.dll
0x00007ffb11910000 - 0x00007ffb1199d000 	c:\Users\willi\.vscode\extensions\redhat.java-1.26.0-win32-x64\jre\17.0.9-win32-x86_64\bin\msvcp140.dll
0x00007ffad4650000 - 0x00007ffad52b1000 	c:\Users\willi\.vscode\extensions\redhat.java-1.26.0-win32-x64\jre\17.0.9-win32-x86_64\bin\server\jvm.dll
0x00007ffb2b6d0000 - 0x00007ffb2b783000 	C:\WINDOWS\System32\ADVAPI32.dll
0x00007ffb2ac80000 - 0x00007ffb2ad28000 	C:\WINDOWS\System32\sechost.dll
0x00007ffb2aa10000 - 0x00007ffb2aa38000 	C:\WINDOWS\System32\bcrypt.dll
0x00007ffb2b790000 - 0x00007ffb2b8a7000 	C:\WINDOWS\System32\RPCRT4.dll
0x00007ffb29ed0000 - 0x00007ffb29f1d000 	C:\WINDOWS\SYSTEM32\POWRPROF.dll
0x00007ffb0c460000 - 0x00007ffb0c469000 	C:\WINDOWS\SYSTEM32\WSOCK32.dll
0x00007ffb2ac00000 - 0x00007ffb2ac71000 	C:\WINDOWS\System32\WS2_32.dll
0x00007ffb1f930000 - 0x00007ffb1f964000 	C:\WINDOWS\SYSTEM32\WINMM.dll
0x00007ffb1ce30000 - 0x00007ffb1ce3a000 	C:\WINDOWS\SYSTEM32\VERSION.dll
0x00007ffb29db0000 - 0x00007ffb29dc3000 	C:\WINDOWS\SYSTEM32\UMPDC.dll
0x00007ffb290a0000 - 0x00007ffb290b8000 	C:\WINDOWS\SYSTEM32\kernel.appcore.dll
0x00007ffb1fbf0000 - 0x00007ffb1fbfa000 	c:\Users\willi\.vscode\extensions\redhat.java-1.26.0-win32-x64\jre\17.0.9-win32-x86_64\bin\jimage.dll
0x00007ffb24210000 - 0x00007ffb24443000 	C:\WINDOWS\SYSTEM32\DBGHELP.DLL
0x00007ffb2bcd0000 - 0x00007ffb2c059000 	C:\WINDOWS\System32\combase.dll
0x00007ffb2ab20000 - 0x00007ffb2abf7000 	C:\WINDOWS\System32\OLEAUT32.dll
0x00007ffb0c500000 - 0x00007ffb0c532000 	C:\WINDOWS\SYSTEM32\dbgcore.DLL
0x00007ffb2aa40000 - 0x00007ffb2aaba000 	C:\WINDOWS\System32\bcryptPrimitives.dll
0x00007ffb118e0000 - 0x00007ffb11905000 	c:\Users\willi\.vscode\extensions\redhat.java-1.26.0-win32-x64\jre\17.0.9-win32-x86_64\bin\java.dll
0x00007ffb17470000 - 0x00007ffb17488000 	c:\Users\willi\.vscode\extensions\redhat.java-1.26.0-win32-x64\jre\17.0.9-win32-x86_64\bin\zip.dll
0x00007ffb2c4d0000 - 0x00007ffb2cd2a000 	C:\WINDOWS\System32\SHELL32.dll
0x00007ffb27fb0000 - 0x00007ffb288a6000 	C:\WINDOWS\SYSTEM32\windows.storage.dll
0x00007ffb27e70000 - 0x00007ffb27fae000 	C:\WINDOWS\SYSTEM32\wintypes.dll
0x00007ffb2c060000 - 0x00007ffb2c153000 	C:\WINDOWS\System32\SHCORE.dll
0x00007ffb2aac0000 - 0x00007ffb2ab1e000 	C:\WINDOWS\System32\shlwapi.dll
0x00007ffb29fe0000 - 0x00007ffb2a006000 	C:\WINDOWS\SYSTEM32\profapi.dll
0x00007ffb11880000 - 0x00007ffb11899000 	C:\Users\willi\.vscode\extensions\redhat.java-1.26.0-win32-x64\jre\17.0.9-win32-x86_64\bin\net.dll
0x00007ffb1fc60000 - 0x00007ffb1fd97000 	C:\WINDOWS\SYSTEM32\WINHTTP.dll
0x00007ffb29510000 - 0x00007ffb29579000 	C:\WINDOWS\system32\mswsock.dll
0x00007ffb11860000 - 0x00007ffb11876000 	C:\Users\willi\.vscode\extensions\redhat.java-1.26.0-win32-x64\jre\17.0.9-win32-x86_64\bin\nio.dll
0x00007ffb29800000 - 0x00007ffb2981b000 	C:\WINDOWS\SYSTEM32\CRYPTSP.dll
0x00007ffb29000000 - 0x00007ffb29035000 	C:\WINDOWS\system32\rsaenh.dll
0x00007ffb295b0000 - 0x00007ffb295dc000 	C:\WINDOWS\SYSTEM32\USERENV.dll
0x00007ffb29710000 - 0x00007ffb2971c000 	C:\WINDOWS\SYSTEM32\CRYPTBASE.dll
0x00007ffb28b10000 - 0x00007ffb28b3d000 	C:\WINDOWS\SYSTEM32\IPHLPAPI.DLL
0x00007ffb2ad30000 - 0x00007ffb2ad39000 	C:\WINDOWS\System32\NSI.dll
0x00007ffb1f910000 - 0x00007ffb1f929000 	C:\WINDOWS\SYSTEM32\dhcpcsvc6.DLL
0x00007ffb1f830000 - 0x00007ffb1f84f000 	C:\WINDOWS\SYSTEM32\dhcpcsvc.DLL
0x00007ffb28b80000 - 0x00007ffb28c79000 	C:\WINDOWS\SYSTEM32\DNSAPI.dll
0x00007ffb116f0000 - 0x00007ffb11700000 	c:\Users\willi\.vscode\extensions\redhat.java-1.26.0-win32-x64\jre\17.0.9-win32-x86_64\bin\verify.dll
0x00007ffb11520000 - 0x00007ffb11529000 	C:\Users\willi\.vscode\extensions\redhat.java-1.26.0-win32-x64\jre\17.0.9-win32-x86_64\bin\management.dll
0x00007ffb11420000 - 0x00007ffb1142b000 	C:\Users\willi\.vscode\extensions\redhat.java-1.26.0-win32-x64\jre\17.0.9-win32-x86_64\bin\management_ext.dll
0x00007ffb2aed0000 - 0x00007ffb2aed8000 	C:\WINDOWS\System32\PSAPI.DLL
0x00007ffb0f9b0000 - 0x00007ffb0f9be000 	C:\Users\willi\.vscode\extensions\redhat.java-1.26.0-win32-x64\jre\17.0.9-win32-x86_64\bin\sunmscapi.dll
0x00007ffb2a8a0000 - 0x00007ffb2aa06000 	C:\WINDOWS\System32\CRYPT32.dll
0x00007ffb298f0000 - 0x00007ffb2991e000 	C:\WINDOWS\SYSTEM32\ncrypt.dll
0x00007ffb298a0000 - 0x00007ffb298d7000 	C:\WINDOWS\SYSTEM32\NTASN1.dll
0x00007ffb1fef0000 - 0x00007ffb1fefa000 	C:\Windows\System32\rasadhlp.dll
0x00007ffb1eda0000 - 0x00007ffb1ee23000 	C:\WINDOWS\System32\fwpuclnt.dll

dbghelp: loaded successfully - version: 4.0.5 - missing functions: none
symbol engine: initialized successfully - sym options: 0x614 - pdb path: .;c:\Users\willi\.vscode\extensions\redhat.java-1.26.0-win32-x64\jre\17.0.9-win32-x86_64\bin;C:\WINDOWS\SYSTEM32;C:\WINDOWS\WinSxS\amd64_microsoft.windows.common-controls_6595b64144ccf1df_6.0.22621.2506_none_270c5ae97388e100;c:\Users\willi\.vscode\extensions\redhat.java-1.26.0-win32-x64\jre\17.0.9-win32-x86_64\bin\server

VM Arguments:
jvm_args: -XX:+HeapDumpOnOutOfMemoryError -Xmx1024m -Dsts.lsp.client=vscode -Dsts.log.file=/dev/null -XX:TieredStopAtLevel=1 -Xlog:jni+resolve=off -Dspring.config.location=file:c:\Users\willi\.vscode\extensions\vmware.vscode-spring-boot-1.51.0\language-server\BOOT-INF\classes\application.properties 
java_command: org.springframework.ide.vscode.boot.app.BootLanguageServerBootApp
java_class_path (initial): c:\Users\willi\.vscode\extensions\vmware.vscode-spring-boot-1.51.0\language-server\BOOT-INF\classes;c:\Users\willi\.vscode\extensions\vmware.vscode-spring-boot-1.51.0\language-server\BOOT-INF\lib\annotations-24.1.0.jar;c:\Users\willi\.vscode\extensions\vmware.vscode-spring-boot-1.51.0\language-server\BOOT-INF\lib\antlr-runtime-3.5.3.jar;c:\Users\willi\.vscode\extensions\vmware.vscode-spring-boot-1.51.0\language-server\BOOT-INF\lib\antlr4-4.11.1.jar;c:\Users\willi\.vscode\extensions\vmware.vscode-spring-boot-1.51.0\language-server\BOOT-INF\lib\antlr4-runtime-4.11.1.jar;c:\Users\willi\.vscode\extensions\vmware.vscode-spring-boot-1.51.0\language-server\BOOT-INF\lib\asm-9.6.jar;c:\Users\willi\.vscode\extensions\vmware.vscode-spring-boot-1.51.0\language-server\BOOT-INF\lib\asm-analysis-9.6.jar;c:\Users\willi\.vscode\extensions\vmware.vscode-spring-boot-1.51.0\language-server\BOOT-INF\lib\asm-tree-9.6.jar;c:\Users\willi\.vscode\extensions\vmware.vscode-spring-boot-1.51.0\language-server\BOOT-INF\lib\asm-util-9.6.jar;c:\Users\willi\.vscode\extensions\vmware.vscode-spring-boot-1.51.0\language-server\BOOT-INF\lib\bosh-language-server-1.51.0-SNAPSHOT.jar;c:\Users\willi\.vscode\extensions\vmware.vscode-spring-boot-1.51.0\language-server\BOOT-INF\lib\caffeine-3.1.8.jar;c:\Users\willi\.vscode\extensions\vmware.vscode-spring-boot-1.51.0\language-server\BOOT-INF\lib\checker-qual-3.12.0.jar;c:\Users\willi\.vscode\extensions\vmware.vscode-spring-boot-1.51.0\language-server\BOOT-INF\lib\classgraph-4.8.149.jar;c:\Users\willi\.vscode\extensions\vmware.vscode-spring-boot-1.51.0\language-server\BOOT-INF\lib\commons-codec-1.15.jar;c:\Users\willi\.vscode\extensions\vmware.vscode-spring-boot-1.51.0\language-server\BOOT-INF\lib\commons-compress-1.25.0.jar;c:\Users\willi\.vscode\extensions\vmware.vscode-spring-boot-1.51.0\language-server\BOOT-INF\lib\commons-io-2.4.jar;c:\Users\willi\.vscode\extensions\vmware.vscode-spring-boot-1.51.0\language-server\BOOT-INF\lib\
Launcher Type: SUN_STANDARD

[Global flags]
     intx CICompilerCount                          = 4                                         {product} {ergonomic}
     uint ConcGCThreads                            = 2                                         {product} {ergonomic}
     uint G1ConcRefinementThreads                  = 8                                         {product} {ergonomic}
   size_t G1HeapRegionSize                         = 1048576                                   {product} {ergonomic}
    uintx GCDrainStackTargetSize                   = 64                                        {product} {ergonomic}
     bool HeapDumpOnOutOfMemoryError               = true                                   {manageable} {command line}
   size_t InitialHeapSize                          = 132120576                                 {product} {ergonomic}
   size_t MarkStackSize                            = 4194304                                   {product} {ergonomic}
   size_t MaxHeapSize                              = 1073741824                                {product} {command line}
   size_t MaxNewSize                               = 643825664                                 {product} {ergonomic}
   size_t MinHeapDeltaBytes                        = 1048576                                   {product} {ergonomic}
   size_t MinHeapSize                              = 8388608                                   {product} {ergonomic}
    uintx NonProfiledCodeHeapSize                  = 0                                      {pd product} {ergonomic}
     bool ProfileInterpreter                       = false                                  {pd product} {command line}
    uintx ProfiledCodeHeapSize                     = 0                                      {pd product} {ergonomic}
   size_t SoftMaxHeapSize                          = 1073741824                             {manageable} {ergonomic}
     intx TieredStopAtLevel                        = 1                                         {product} {command line}
     bool UseCompressedClassPointers               = true                           {product lp64_product} {ergonomic}
     bool UseCompressedOops                        = true                           {product lp64_product} {ergonomic}
     bool UseG1GC                                  = true                                      {product} {ergonomic}
     bool UseLargePagesIndividualAllocation        = false                                  {pd product} {ergonomic}

Logging:
Log output configuration:
 #0: stdout all=warning,jni+resolve=off uptime,level,tags
 #1: stderr all=off uptime,level,tags

Environment Variables:
JAVA_HOME=D:\Linguagens\Linguagem Java\jdk-21.0.1
PATH=D:\Linguagens\Linguagem Java\jdk-21.0.1\bin;C:\Program Files\Common Files\Oracle\Java\javapath;C:\Program Files (x86)\Common Files\Oracle\Java\javapath;C:\Program Files\Microsoft\jdk-11.0.12.7-hotspot\bin;C:\Windows\system32;C:\Windows;C:\Windows\System32\Wbem;C:\Windows\System32\WindowsPowerShell\v1.0\;C:\Windows\System32\OpenSSH\;C:\Program Files\Microsoft SQL Server\150\Tools\Binn\;C:\Program Files\Microsoft SQL Server\Client SDK\ODBC\170\Tools\Binn\;C:\Program Files\dotnet\;C:\ProgramData\Microsoft\Windows\Start Menu\Programs\MySQL;D:\Linguagens\Linguagem C\bin;C:\WINDOWS\system32;C:\WINDOWS;C:\WINDOWS\System32\Wbem;C:\WINDOWS\System32\WindowsPowerShell\v1.0\;C:\WINDOWS\System32\OpenSSH\;D:\Git\cmd;C:\Program Files\nodejs\;C:\Users\willi\AppData\Local\Android\Sdk\emulator;C:\Users\willi\AppData\Local\Android\Sdk\platform-tools;;C:\Program Files\Docker\Docker\resources\bin;C:\Program Files\MySQL\MySQL Shell 8.0\bin\;C:\Users\willi\AppData\Local\Microsoft\WindowsApps;C:\Users\willi\AppData\Local\Programs\Microsoft VS Code\bin;C:\Users\willi\.dotnet\tools;C:\ProgramData\Microsoft\Windows\Start Menu\Programs\MySQL;C:\Users\willi\AppData\Roaming\npm
USERNAME=willi
OS=Windows_NT
PROCESSOR_IDENTIFIER=Intel64 Family 6 Model 142 Stepping 11, GenuineIntel
TMP=C:\Users\willi\AppData\Local\Temp
TEMP=C:\Users\willi\AppData\Local\Temp



Periodic native trim disabled


---------------  S Y S T E M  ---------------

OS:
 Windows 11 , 64 bit Build 22621 (10.0.22621.2506)
OS uptime: 1 days 23:39 hours
Hyper-V role detected

CPU: total 8 (initial active 8) (4 cores per cpu, 2 threads per core) family 6 model 142 stepping 11 microcode 0xf4, cx8, cmov, fxsr, ht, mmx, 3dnowpref, sse, sse2, sse3, ssse3, sse4.1, sse4.2, popcnt, lzcnt, tsc, tscinvbit, avx, avx2, aes, erms, clmul, bmi1, bmi2, adx, fma, vzeroupper, clflush, clflushopt, hv
Processor Information for processor 0
  Max Mhz: 1992, Current Mhz: 1494, Mhz Limit: 1792
Processor Information for processor 1
  Max Mhz: 1992, Current Mhz: 1494, Mhz Limit: 1792
Processor Information for processor 2
  Max Mhz: 1992, Current Mhz: 1494, Mhz Limit: 1792
Processor Information for processor 3
  Max Mhz: 1992, Current Mhz: 1494, Mhz Limit: 1792
Processor Information for processor 4
  Max Mhz: 1992, Current Mhz: 1494, Mhz Limit: 1792
Processor Information for processor 5
  Max Mhz: 1992, Current Mhz: 1494, Mhz Limit: 1792
Processor Information for processor 6
  Max Mhz: 1992, Current Mhz: 1792, Mhz Limit: 1792
Processor Information for processor 7
  Max Mhz: 1992, Current Mhz: 1494, Mhz Limit: 1792

Memory: 4k page, system-wide physical 8053M (458M free)
TotalPageFile size 16245M (AvailPageFile size 14M)
current process WorkingSet (physical memory assigned to process): 80M, peak: 356M
current process commit charge ("private bytes"): 280M, peak: 411M

vm_info: OpenJDK 64-Bit Server VM (17.0.9+9) for windows-amd64 JRE (17.0.9+9), built on Oct 26 2023 14:01:42 by "admin" with MS VC++ 16.10 / 16.11 (VS2019)

END.
